<?xml version="1.0" encoding="UTF-8"?>
<testsuite name="TestSuite" time="11.136" tests="6" errors="0" skipped="0" failures="0">
  <properties>
[...]
</properties>
  <testcase name="bankManagerLoginTest" classname="com.w2a.testcases.BankManagerLoginTest" time="3.718"/>
  <testcase name="addCustomerTest" classname="com.w2a.testcases.AddCustomerTest" time="4.748"/>
  <testcase name="addCustomerTest" classname="com.w2a.testcases.AddCustomerTest" time="4.54"/>
  <testcase name="addCustomerTest" classname="com.w2a.testcases.AddCustomerTest" time="4.442"/>
  <testcase name="addCustomerTest" classname="com.w2a.testcases.AddCustomerTest" time="4.549"/>
  <testcase name="openAccountTest" classname="com.w2a.testcases.OpenAccountTest" time="2.67"/>
</testsuite>