<?xml version="1.0" encoding="UTF-8"?>
<testng-results skipped="0" failed="0" ignored="0" total="6" passed="6">
  <reporter-output>
    <line>
      <![CDATA[<br>Verification failure : expected [abc] but found [xyz]<br>]]>
    </line>
    <line>
      <![CDATA[<a target="_blank" href=Mon_Dec_30_11_40_07_IST_2019.jpg><img src=Mon_Dec_30_11_40_07_IST_2019.jpg height=200 width=200></img></a>]]>
    </line>
    <line>
      <![CDATA[<br>]]>
    </line>
    <line>
      <![CDATA[<br>]]>
    </line>
  </reporter-output>
  <suite name="Data Driven Basics" duration-ms="27469" started-at="2019-12-30T06:10:06Z" finished-at="2019-12-30T06:10:34Z">
    <groups>
    </groups>
    <test name="Bank Manager Login Test" duration-ms="4655" started-at="2019-12-30T06:10:06Z" finished-at="2019-12-30T06:10:11Z">
      <class name="com.w2a.testcases.BankManagerLoginTest">
        <test-method status="PASS" signature="bankManagerLoginTest()[pri:0, instance:com.w2a.testcases.BankManagerLoginTest@3514a4c0]" name="bankManagerLoginTest" duration-ms="4129" started-at="2019-12-30T11:40:06Z" finished-at="2019-12-30T11:40:10Z">
          <reporter-output>
            <line>
              <![CDATA[<br>Verification failure : expected [abc] but found [xyz]<br>]]>
            </line>
            <line>
              <![CDATA[<a target="_blank" href=Mon_Dec_30_11_40_07_IST_2019.jpg><img src=Mon_Dec_30_11_40_07_IST_2019.jpg height=200 width=200></img></a>]]>
            </line>
            <line>
              <![CDATA[<br>]]>
            </line>
            <line>
              <![CDATA[<br>]]>
            </line>
          </reporter-output>
        </test-method> <!-- bankManagerLoginTest -->
      </class> <!-- com.w2a.testcases.BankManagerLoginTest -->
    </test> <!-- Bank Manager Login Test -->
    <test name="Add Customer Test" duration-ms="19774" started-at="2019-12-30T06:10:11Z" finished-at="2019-12-30T06:10:31Z">
      <class name="com.w2a.testcases.AddCustomerTest">
        <test-method status="PASS" signature="addCustomerTest(java.util.Hashtable)[pri:0, instance:com.w2a.testcases.AddCustomerTest@5403f35f]" name="addCustomerTest" duration-ms="5108" started-at="2019-12-30T11:40:11Z" data-provider="dp" finished-at="2019-12-30T11:40:16Z">
          <params>
            <param index="0">
              <value>
                <![CDATA[{alerttext=Customer added successfully, postcode=A234wd, lastname=Arora, runmode=Y, firstname=Raman}]]>
              </value>
            </param>
          </params>
          <reporter-output>
          </reporter-output>
        </test-method> <!-- addCustomerTest -->
        <test-method status="PASS" signature="addCustomerTest(java.util.Hashtable)[pri:0, instance:com.w2a.testcases.AddCustomerTest@5403f35f]" name="addCustomerTest" duration-ms="4637" started-at="2019-12-30T11:40:16Z" data-provider="dp" finished-at="2019-12-30T11:40:21Z">
          <params>
            <param index="0">
              <value>
                <![CDATA[{alerttext=Customer added successfully, postcode=A234wd, lastname=Arora, runmode=N, firstname=Rahul}]]>
              </value>
            </param>
          </params>
          <reporter-output>
          </reporter-output>
        </test-method> <!-- addCustomerTest -->
        <test-method status="PASS" signature="addCustomerTest(java.util.Hashtable)[pri:0, instance:com.w2a.testcases.AddCustomerTest@5403f35f]" name="addCustomerTest" duration-ms="4630" started-at="2019-12-30T11:40:21Z" data-provider="dp" finished-at="2019-12-30T11:40:25Z">
          <params>
            <param index="0">
              <value>
                <![CDATA[{alerttext=Customer added successfully, postcode=A234wd, lastname=Arora, runmode=Y, firstname=Ishita}]]>
              </value>
            </param>
          </params>
          <reporter-output>
          </reporter-output>
        </test-method> <!-- addCustomerTest -->
        <test-method status="PASS" signature="addCustomerTest(java.util.Hashtable)[pri:0, instance:com.w2a.testcases.AddCustomerTest@5403f35f]" name="addCustomerTest" duration-ms="4989" started-at="2019-12-30T11:40:26Z" data-provider="dp" finished-at="2019-12-30T11:40:30Z">
          <params>
            <param index="0">
              <value>
                <![CDATA[{alerttext=Customer added successfully, postcode=A234wd, lastname=Sehgal, runmode=Y, firstname=Rohit}]]>
              </value>
            </param>
          </params>
          <reporter-output>
          </reporter-output>
        </test-method> <!-- addCustomerTest -->
      </class> <!-- com.w2a.testcases.AddCustomerTest -->
    </test> <!-- Add Customer Test -->
    <test name="Open Account Test" duration-ms="2972" started-at="2019-12-30T06:10:31Z" finished-at="2019-12-30T06:10:34Z">
      <class name="com.w2a.testcases.OpenAccountTest">
        <test-method status="PASS" signature="setUp()[pri:0, instance:com.w2a.testcases.OpenAccountTest@581ac8a8]" name="setUp" is-config="true" duration-ms="22085" started-at="2019-12-30T11:39:44Z" finished-at="2019-12-30T11:40:06Z">
          <reporter-output>
          </reporter-output>
        </test-method> <!-- setUp -->
        <test-method status="PASS" signature="openAccountTest(java.util.Hashtable)[pri:0, instance:com.w2a.testcases.OpenAccountTest@581ac8a8]" name="openAccountTest" duration-ms="2901" started-at="2019-12-30T11:40:31Z" data-provider="dp" finished-at="2019-12-30T11:40:34Z">
          <params>
            <param index="0">
              <value>
                <![CDATA[{currency=Rupee, customer=Raman Arora}]]>
              </value>
            </param>
          </params>
          <reporter-output>
          </reporter-output>
        </test-method> <!-- openAccountTest -->
        <test-method status="PASS" signature="tearDown()[pri:0, instance:com.w2a.testcases.OpenAccountTest@581ac8a8]" name="tearDown" is-config="true" duration-ms="1714" started-at="2019-12-30T11:40:34Z" finished-at="2019-12-30T11:40:35Z">
          <reporter-output>
          </reporter-output>
        </test-method> <!-- tearDown -->
      </class> <!-- com.w2a.testcases.OpenAccountTest -->
    </test> <!-- Open Account Test -->
  </suite> <!-- Data Driven Basics -->
</testng-results>
