<?xml version="1.0" encoding="UTF-8"?>
<!-- Generated by org.testng.reporters.JUnitXMLReporter -->
<testsuite hostname="DESKTOP-FNF69NB" ignored="0" name="Add Customer Test" tests="1" failures="1" timestamp="10 Apr 2017 09:35:21 GMT" time="1.371" errors="0">
  <testcase name="addCustomer" time="1.353" classname="com.w2a.testcases.AddCustomerTest">
    <failure type="java.lang.AssertionError" message="Customer not added successfully">
      <![CDATA[java.lang.AssertionError: Customer not added successfully
	at com.w2a.testcases.AddCustomerTest.addCustomer(AddCustomerTest.java:29)
... Removed 26 stack frames]]>
    </failure>
  </testcase> <!-- addCustomer -->
</testsuite> <!-- Add Customer Test -->
