<?xml version="1.0" encoding="UTF-8"?>
<!-- Generated by org.testng.reporters.JUnitXMLReporter -->
<testsuite hostname="DESKTOP-FNF69NB" ignored="0" name="Bank Manager Login Test" tests="1" failures="1" timestamp="10 Apr 2017 09:35:19 GMT" time="0.34" errors="0">
  <testcase name="loginAsBankManager" time="0.234" classname="com.w2a.testcases.BankManagerLoginTest">
    <failure type="java.lang.AssertionError" message="Login not successful">
      <![CDATA[java.lang.AssertionError: Login not successful
	at com.w2a.testcases.BankManagerLoginTest.loginAsBankManager(BankManagerLoginTest.java:24)
... Removed 26 stack frames]]>
    </failure>
  </testcase> <!-- loginAsBankManager -->
</testsuite> <!-- Bank Manager Login Test -->
