<?xml version="1.0" encoding="UTF-8"?>
<testsuite name="Add Customer Test"
           tests="4"
           failures="0"
           errors="0"
           skipped="0"
           time="18.087">
  <properties />
  
  
            <testcase name="addCustomerTest" time="4.363" classname="com.w2a.testcases.AddCustomerTest" />
                <testcase name="addCustomerTest" time="4.403" classname="com.w2a.testcases.AddCustomerTest" />
                <testcase name="addCustomerTest" time="4.866" classname="com.w2a.testcases.AddCustomerTest" />
                <testcase name="addCustomerTest" time="4.455" classname="com.w2a.testcases.AddCustomerTest" />
      
</testsuite>
